# JRE version: Java(TM) SE Runtime Environment (8.0_251-b08) (build 1.8.0_251-b08)
# Java VM: Java HotSpot(TM) 64-Bit Server VM (25.251-b08 mixed mode windows-amd64 compressed oops)
Heap:
 PSYoungGen      total 156672K, used 52668K [0x00000000f5580000, 0x0000000100000000, 0x0000000100000000)
  eden space 141824K, 26% used [0x00000000f5580000,0x00000000f7a6ff60,0x00000000fe000000)
  from space 14848K, 99% used [0x00000000ff100000,0x00000000fff7f0a8,0x00000000fff80000)
  to   space 16384K, 0% used [0x00000000fe000000,0x00000000fe000000,0x00000000ff000000)
 ParOldGen       total 195072K, used 15655K [0x00000000e0000000, 0x00000000ebe80000, 0x00000000f5580000)
  object space 195072K, 8% used [0x00000000e0000000,0x00000000e0f49c50,0x00000000ebe80000)
 Metaspace       used 48274K, capacity 52342K, committed 52440K, reserved 1093632K
  class space    used 7189K, capacity 7888K, committed 7896K, reserved 1048576K
GC Heap History (10 events):
Event: 1.596 GC heap before
{Heap before GC invocations=6 (full 1):
 PSYoungGen      total 141824K, used 131072K [0x00000000f5580000, 0x00000000fea80000, 0x0000000100000000)
  eden space 131072K, 100% used [0x00000000f5580000,0x00000000fd580000,0x00000000fd580000)
  from space 10752K, 0% used [0x00000000fe000000,0x00000000fe000000,0x00000000fea80000)
  to   space 10752K, 0% used [0x00000000fd580000,0x00000000fd580000,0x00000000fe000000)
 ParOldGen       total 175104K, used 10089K [0x00000000e0000000, 0x00000000eab00000, 0x00000000f5580000)
  object space 175104K, 5% used [0x00000000e0000000,0x00000000e09da5d0,0x00000000eab00000)
 Metaspace       used 32394K, capacity 33842K, committed 33920K, reserved 1079296K
  class space    used 4646K, capacity 4971K, committed 4992K, reserved 1048576K
Event: 1.601 GC heap after
Heap after GC invocations=6 (full 1):
 PSYoungGen      total 141824K, used 10722K [0x00000000f5580000, 0x0000000100000000, 0x0000000100000000)
  eden space 131072K, 0% used [0x00000000f5580000,0x00000000f5580000,0x00000000fd580000)
  from space 10752K, 99% used [0x00000000fd580000,0x00000000fdff8bc0,0x00000000fe000000)
  to   space 15360K, 0% used [0x00000000ff100000,0x00000000ff100000,0x0000000100000000)
 ParOldGen       total 175104K, used 12649K [0x00000000e0000000, 0x00000000eab00000, 0x00000000f5580000)
  object space 175104K, 7% used [0x00000000e0000000,0x00000000e0c5a5f0,0x00000000eab00000)
 Metaspace       used 32394K, capacity 33842K, committed 33920K, reserved 1079296K
  class space    used 4646K, capacity 4971K, committed 4992K, reserved 1048576K
}
Event: 1.725 GC heap before
{Heap before GC invocations=7 (full 1):
 PSYoungGen      total 141824K, used 39207K [0x00000000f5580000, 0x0000000100000000, 0x0000000100000000)
  eden space 131072K, 21% used [0x00000000f5580000,0x00000000f71512b0,0x00000000fd580000)
  from space 10752K, 99% used [0x00000000fd580000,0x00000000fdff8bc0,0x00000000fe000000)
  to   space 15360K, 0% used [0x00000000ff100000,0x00000000ff100000,0x0000000100000000)
 ParOldGen       total 175104K, used 12649K [0x00000000e0000000, 0x00000000eab00000, 0x00000000f5580000)
  object space 175104K, 7% used [0x00000000e0000000,0x00000000e0c5a5f0,0x00000000eab00000)
 Metaspace       used 33868K, capacity 35310K, committed 35416K, reserved 1079296K
  class space    used 4834K, capacity 5143K, committed 5208K, reserved 1048576K
Event: 1.728 GC heap after
Heap after GC invocations=7 (full 1):
 PSYoungGen      total 159744K, used 7700K [0x00000000f5580000, 0x0000000100000000, 0x0000000100000000)
  eden space 144384K, 0% used [0x00000000f5580000,0x00000000f5580000,0x00000000fe280000)
  from space 15360K, 50% used [0x00000000ff100000,0x00000000ff885130,0x0000000100000000)
  to   space 14848K, 0% used [0x00000000fe280000,0x00000000fe280000,0x00000000ff100000)
 ParOldGen       total 175104K, used 12657K [0x00000000e0000000, 0x00000000eab00000, 0x00000000f5580000)
  object space 175104K, 7% used [0x00000000e0000000,0x00000000e0c5c5f0,0x00000000eab00000)
 Metaspace       used 33868K, capacity 35310K, committed 35416K, reserved 1079296K
  class space    used 4834K, capacity 5143K, committed 5208K, reserved 1048576K
}
Event: 1.728 GC heap before
{Heap before GC invocations=8 (full 2):
 PSYoungGen      total 159744K, used 7700K [0x00000000f5580000, 0x0000000100000000, 0x0000000100000000)
  eden space 144384K, 0% used [0x00000000f5580000,0x00000000f5580000,0x00000000fe280000)
  from space 15360K, 50% used [0x00000000ff100000,0x00000000ff885130,0x0000000100000000)
  to   space 14848K, 0% used [0x00000000fe280000,0x00000000fe280000,0x00000000ff100000)
 ParOldGen       total 175104K, used 12657K [0x00000000e0000000, 0x00000000eab00000, 0x00000000f5580000)
  object space 175104K, 7% used [0x00000000e0000000,0x00000000e0c5c5f0,0x00000000eab00000)
 Metaspace       used 33868K, capacity 35310K, committed 35416K, reserved 1079296K
  class space    used 4834K, capacity 5143K, committed 5208K, reserved 1048576K
Event: 1.760 GC heap after
Heap after GC invocations=8 (full 2):
 PSYoungGen      total 159744K, used 0K [0x00000000f5580000, 0x0000000100000000, 0x0000000100000000)
  eden space 144384K, 0% used [0x00000000f5580000,0x00000000f5580000,0x00000000fe280000)
  from space 15360K, 0% used [0x00000000ff100000,0x00000000ff100000,0x0000000100000000)
  to   space 14848K, 0% used [0x00000000fe280000,0x00000000fe280000,0x00000000ff100000)
 ParOldGen       total 195072K, used 15180K [0x00000000e0000000, 0x00000000ebe80000, 0x00000000f5580000)
  object space 195072K, 7% used [0x00000000e0000000,0x00000000e0ed31f8,0x00000000ebe80000)
 Metaspace       used 33868K, capacity 35310K, committed 35416K, reserved 1079296K
  class space    used 4834K, capacity 5143K, committed 5208K, reserved 1048576K
}
Event: 2.220 GC heap before
{Heap before GC invocations=9 (full 2):
 PSYoungGen      total 159744K, used 144384K [0x00000000f5580000, 0x0000000100000000, 0x0000000100000000)
  eden space 144384K, 100% used [0x00000000f5580000,0x00000000fe280000,0x00000000fe280000)
  from space 15360K, 0% used [0x00000000ff100000,0x00000000ff100000,0x0000000100000000)
  to   space 14848K, 0% used [0x00000000fe280000,0x00000000fe280000,0x00000000ff100000)
 ParOldGen       total 195072K, used 15180K [0x00000000e0000000, 0x00000000ebe80000, 0x00000000f5580000)
  object space 195072K, 7% used [0x00000000e0000000,0x00000000e0ed31f8,0x00000000ebe80000)
 Metaspace       used 41239K, capacity 43484K, committed 43608K, reserved 1087488K
  class space    used 5978K, capacity 6457K, committed 6488K, reserved 1048576K
Event: 2.224 GC heap after
Heap after GC invocations=9 (full 2):
 PSYoungGen      total 159232K, used 10472K [0x00000000f5580000, 0x00000000fff80000, 0x0000000100000000)
  eden space 144384K, 0% used [0x00000000f5580000,0x00000000f5580000,0x00000000fe280000)
  from space 14848K, 70% used [0x00000000fe280000,0x00000000fecba068,0x00000000ff100000)
  to   space 14848K, 0% used [0x00000000ff100000,0x00000000ff100000,0x00000000fff80000)
 ParOldGen       total 195072K, used 15188K [0x00000000e0000000, 0x00000000ebe80000, 0x00000000f5580000)
  object space 195072K, 7% used [0x00000000e0000000,0x00000000e0ed51f8,0x00000000ebe80000)
 Metaspace       used 41239K, capacity 43484K, committed 43608K, reserved 1087488K
  class space    used 5978K, capacity 6457K, committed 6488K, reserved 1048576K
}
Event: 2.668 GC heap before
{Heap before GC invocations=10 (full 2):
 PSYoungGen      total 159232K, used 154856K [0x00000000f5580000, 0x00000000fff80000, 0x0000000100000000)
  eden space 144384K, 100% used [0x00000000f5580000,0x00000000fe280000,0x00000000fe280000)
  from space 14848K, 70% used [0x00000000fe280000,0x00000000fecba068,0x00000000ff100000)
  to   space 14848K, 0% used [0x00000000ff100000,0x00000000ff100000,0x00000000fff80000)
 ParOldGen       total 195072K, used 15188K [0x00000000e0000000, 0x00000000ebe80000, 0x00000000f5580000)
  object space 195072K, 7% used [0x00000000e0000000,0x00000000e0ed51f8,0x00000000ebe80000)
 Metaspace       used 47424K, capacity 51184K, committed 51288K, reserved 1093632K
  class space    used 7033K, capacity 7678K, committed 7768K, reserved 1048576K
Event: 2.673 GC heap after
Heap after GC invocations=10 (full 2):
 PSYoungGen      total 156672K, used 14844K [0x00000000f5580000, 0x0000000100000000, 0x0000000100000000)
  eden space 141824K, 0% used [0x00000000f5580000,0x00000000f5580000,0x00000000fe000000)
  from space 14848K, 99% used [0x00000000ff100000,0x00000000fff7f0a8,0x00000000fff80000)
  to   space 16384K, 0% used [0x00000000fe000000,0x00000000fe000000,0x00000000ff000000)
 ParOldGen       total 195072K, used 15655K [0x00000000e0000000, 0x00000000ebe80000, 0x00000000f5580000)
  object space 195072K, 8% used [0x00000000e0000000,0x00000000e0f49c50,0x00000000ebe80000)
 Metaspace       used 47424K, capacity 51184K, committed 51288K, reserved 1093632K
  class space    used 7033K, capacity 7678K, committed 7768K, reserved 1048576K
}

